  0%|          | 0/624 [00:00<?, ?it/s]/home/g0017139/UMCG_Thesis/Working_Code/Gridsearch/subspaceClustering/cluster/selfrepresentation.py:279: RuntimeWarning: divide by zero encountered in double_scalars
  alpha0 = np.amax(coh) / tau  # value for which the solution is zero
/home/g0017139/UMCG_Thesis/Working_Code/Gridsearch/subspaceClustering/cluster/selfrepresentation.py:155: RuntimeWarning: invalid value encountered in double_scalars
  lambda1=tau*alpha, lambda2=(1.0-tau)*alpha)
/home/g0017139/UMCG_Thesis/Working_Code/Gridsearch/subspaceClustering/cluster/selfrepresentation.py:162: RuntimeWarning: invalid value encountered in double_scalars
  obj = tau * np.sum(np.abs(cs[0])) + (1.0 - tau)/2.0 * np.sum(np.power(cs[0], 2.0)) + alpha/2.0 * np.sum(np.power(delta, 2.0))
  0%|          | 1/624 [05:18<55:10:00, 318.78s/it]/home/g0017139/UMCG_Thesis/Working_Code/Gridsearch/subspaceClustering/cluster/selfrepresentation.py:279: RuntimeWarning: divide by zero encountered in double_scalars
  alpha0 = np.amax(coh) / tau  # value for which the solution is zero
/home/g0017139/UMCG_Thesis/Working_Code/Gridsearch/subspaceClustering/cluster/selfrepresentation.py:155: RuntimeWarning: invalid value encountered in double_scalars
  lambda1=tau*alpha, lambda2=(1.0-tau)*alpha)
/home/g0017139/UMCG_Thesis/Working_Code/Gridsearch/subspaceClustering/cluster/selfrepresentation.py:162: RuntimeWarning: invalid value encountered in double_scalars
  obj = tau * np.sum(np.abs(cs[0])) + (1.0 - tau)/2.0 * np.sum(np.power(cs[0], 2.0)) + alpha/2.0 * np.sum(np.power(delta, 2.0))
  0%|          | 2/624 [10:33<54:42:43, 316.66s/it]/home/g0017139/UMCG_Thesis/Working_Code/Gridsearch/subspaceClustering/cluster/selfrepresentation.py:279: RuntimeWarning: divide by zero encountered in double_scalars
  alpha0 = np.amax(coh) / tau  # value for which the solution is zero
/home/g0017139/UMCG_Thesis/Working_Code/Gridsearch/subspaceClustering/cluster/selfrepresentation.py:155: RuntimeWarning: invalid value encountered in double_scalars
  lambda1=tau*alpha, lambda2=(1.0-tau)*alpha)
/home/g0017139/UMCG_Thesis/Working_Code/Gridsearch/subspaceClustering/cluster/selfrepresentation.py:162: RuntimeWarning: invalid value encountered in double_scalars
  obj = tau * np.sum(np.abs(cs[0])) + (1.0 - tau)/2.0 * np.sum(np.power(cs[0], 2.0)) + alpha/2.0 * np.sum(np.power(delta, 2.0))
  0%|          | 3/624 [15:50<54:34:37, 316.39s/it]/home/g0017139/UMCG_Thesis/Working_Code/Gridsearch/subspaceClustering/cluster/selfrepresentation.py:279: RuntimeWarning: divide by zero encountered in double_scalars
  alpha0 = np.amax(coh) / tau  # value for which the solution is zero
/home/g0017139/UMCG_Thesis/Working_Code/Gridsearch/subspaceClustering/cluster/selfrepresentation.py:155: RuntimeWarning: invalid value encountered in double_scalars
  lambda1=tau*alpha, lambda2=(1.0-tau)*alpha)
/home/g0017139/UMCG_Thesis/Working_Code/Gridsearch/subspaceClustering/cluster/selfrepresentation.py:162: RuntimeWarning: invalid value encountered in double_scalars
  obj = tau * np.sum(np.abs(cs[0])) + (1.0 - tau)/2.0 * np.sum(np.power(cs[0], 2.0)) + alpha/2.0 * np.sum(np.power(delta, 2.0))
  1%|          | 4/624 [20:59<54:02:48, 313.82s/it]/home/g0017139/UMCG_Thesis/Working_Code/Gridsearch/subspaceClustering/cluster/selfrepresentation.py:279: RuntimeWarning: divide by zero encountered in double_scalars
  alpha0 = np.amax(coh) / tau  # value for which the solution is zero
/home/g0017139/UMCG_Thesis/Working_Code/Gridsearch/subspaceClustering/cluster/selfrepresentation.py:155: RuntimeWarning: invalid value encountered in double_scalars
  lambda1=tau*alpha, lambda2=(1.0-tau)*alpha)
/home/g0017139/UMCG_Thesis/Working_Code/Gridsearch/subspaceClustering/cluster/selfrepresentation.py:162: RuntimeWarning: invalid value encountered in double_scalars
  obj = tau * np.sum(np.abs(cs[0])) + (1.0 - tau)/2.0 * np.sum(np.power(cs[0], 2.0)) + alpha/2.0 * np.sum(np.power(delta, 2.0))
  1%|          | 5/624 [26:14<54:02:05, 314.26s/it]/home/g0017139/UMCG_Thesis/Working_Code/Gridsearch/subspaceClustering/cluster/selfrepresentation.py:279: RuntimeWarning: divide by zero encountered in double_scalars
  alpha0 = np.amax(coh) / tau  # value for which the solution is zero
/home/g0017139/UMCG_Thesis/Working_Code/Gridsearch/subspaceClustering/cluster/selfrepresentation.py:155: RuntimeWarning: invalid value encountered in double_scalars
  lambda1=tau*alpha, lambda2=(1.0-tau)*alpha)
/home/g0017139/UMCG_Thesis/Working_Code/Gridsearch/subspaceClustering/cluster/selfrepresentation.py:162: RuntimeWarning: invalid value encountered in double_scalars
  obj = tau * np.sum(np.abs(cs[0])) + (1.0 - tau)/2.0 * np.sum(np.power(cs[0], 2.0)) + alpha/2.0 * np.sum(np.power(delta, 2.0))
  1%|          | 6/624 [31:28<53:53:12, 313.90s/it]  1%|          | 7/624 [32:28<39:35:35, 231.01s/it]  1%|▏         | 8/624 [33:52<31:32:15, 184.31s/it]  1%|▏         | 9/624 [37:38<33:42:35, 197.33s/it]  2%|▏         | 10/624 [7:41:21<1361:51:39, 7984.85s/it]  2%|▏         | 11/624 [24:09:50<4034:21:58, 23692.85s/it]